# JRE version: Java(TM) SE Runtime Environment (8.0_20-b26) (build 1.8.0_20-b26)
# Java VM: Java HotSpot(TM) 64-Bit Server VM (25.20-b23 mixed mode linux-amd64 compressed oops)
Heap:
 def new generation   total 4480K, used 0K [0x00000000f0600000, 0x00000000f0ad0000, 0x00000000f5950000)
  eden space 4032K,   0% used [0x00000000f0600000, 0x00000000f0600000, 0x00000000f09f0000)
  from space 448K,   0% used [0x00000000f09f0000, 0x00000000f09f0000, 0x00000000f0a60000)
  to   space 448K,   0% used [0x00000000f0a60000, 0x00000000f0a60000, 0x00000000f0ad0000)
 tenured generation   total 9988K, used 8721K [0x00000000f5950000, 0x00000000f6311000, 0x0000000100000000)
   the space 9988K,  87% used [0x00000000f5950000, 0x00000000f61d46f8, 0x00000000f61d4800, 0x00000000f6311000)
 Metaspace       used 7313K, capacity 8116K, committed 8448K, reserved 1056768K
  class space    used 882K, capacity 944K, committed 1024K, reserved 1048576K
GC Heap History (10 events):
Event: 1.517 GC heap after
Heap after GC invocations=8 (full 0):
 def new generation   total 2432K, used 256K [0x00000000f0600000, 0x00000000f08a0000, 0x00000000f5950000)
  eden space 2176K,   0% used [0x00000000f0600000, 0x00000000f0600000, 0x00000000f0820000)
  from space 256K, 100% used [0x00000000f0820000, 0x00000000f0860000, 0x00000000f0860000)
  to   space 256K,   0% used [0x00000000f0860000, 0x00000000f0860000, 0x00000000f08a0000)
 tenured generation   total 5504K, used 1953K [0x00000000f5950000, 0x00000000f5eb0000, 0x0000000100000000)
   the space 5504K,  35% used [0x00000000f5950000, 0x00000000f5b38590, 0x00000000f5b38600, 0x00000000f5eb0000)
 Metaspace       used 7150K, capacity 7988K, committed 8064K, reserved 1056768K
  class space    used 869K, capacity 880K, committed 896K, reserved 1048576K
}
Event: 1.595 GC heap before
{Heap before GC invocations=8 (full 0):
 def new generation   total 2432K, used 1206K [0x00000000f0600000, 0x00000000f08a0000, 0x00000000f5950000)
  eden space 2176K,  43% used [0x00000000f0600000, 0x00000000f06ed890, 0x00000000f0820000)
  from space 256K, 100% used [0x00000000f0820000, 0x00000000f0860000, 0x00000000f0860000)
  to   space 256K,   0% used [0x00000000f0860000, 0x00000000f0860000, 0x00000000f08a0000)
 tenured generation   total 5504K, used 1953K [0x00000000f5950000, 0x00000000f5eb0000, 0x0000000100000000)
   the space 5504K,  35% used [0x00000000f5950000, 0x00000000f5b38590, 0x00000000f5b38600, 0x00000000f5eb0000)
 Metaspace       used 7277K, capacity 8084K, committed 8448K, reserved 1056768K
  class space    used 880K, capacity 912K, committed 1024K, reserved 1048576K
Event: 1.596 GC heap after
Heap after GC invocations=9 (full 0):
 def new generation   total 2432K, used 256K [0x00000000f0600000, 0x00000000f08a0000, 0x00000000f5950000)
  eden space 2176K,   0% used [0x00000000f0600000, 0x00000000f0600000, 0x00000000f0820000)
  from space 256K, 100% used [0x00000000f0860000, 0x00000000f08a0000, 0x00000000f08a0000)
  to   space 256K,   0% used [0x00000000f0820000, 0x00000000f0820000, 0x00000000f0860000)
 tenured generation   total 5504K, used 2303K [0x00000000f5950000, 0x00000000f5eb0000, 0x0000000100000000)
   the space 5504K,  41% used [0x00000000f5950000, 0x00000000f5b8ff70, 0x00000000f5b90000, 0x00000000f5eb0000)
 Metaspace       used 7277K, capacity 8084K, committed 8448K, reserved 1056768K
  class space    used 880K, capacity 912K, committed 1024K, reserved 1048576K
}
Event: 1.616 GC heap before
{Heap before GC invocations=9 (full 0):
 def new generation   total 2432K, used 2432K [0x00000000f0600000, 0x00000000f08a0000, 0x00000000f5950000)
  eden space 2176K, 100% used [0x00000000f0600000, 0x00000000f0820000, 0x00000000f0820000)
  from space 256K, 100% used [0x00000000f0860000, 0x00000000f08a0000, 0x00000000f08a0000)
  to   space 256K,   0% used [0x00000000f0820000, 0x00000000f0820000, 0x00000000f0860000)
 tenured generation   total 5504K, used 2303K [0x00000000f5950000, 0x00000000f5eb0000, 0x0000000100000000)
   the space 5504K,  41% used [0x00000000f5950000, 0x00000000f5b8ff70, 0x00000000f5b90000, 0x00000000f5eb0000)
 Metaspace       used 7281K, capacity 8084K, committed 8448K, reserved 1056768K
  class space    used 880K, capacity 912K, committed 1024K, reserved 1048576K
Event: 1.618 GC heap after
Heap after GC invocations=10 (full 0):
 def new generation   total 2432K, used 255K [0x00000000f0600000, 0x00000000f08a0000, 0x00000000f5950000)
  eden space 2176K,   0% used [0x00000000f0600000, 0x00000000f0600000, 0x00000000f0820000)
  from space 256K,  99% used [0x00000000f0820000, 0x00000000f085fff8, 0x00000000f0860000)
  to   space 256K,   0% used [0x00000000f0860000, 0x00000000f0860000, 0x00000000f08a0000)
 tenured generation   total 5504K, used 4333K [0x00000000f5950000, 0x00000000f5eb0000, 0x0000000100000000)
   the space 5504K,  78% used [0x00000000f5950000, 0x00000000f5d8b538, 0x00000000f5d8b600, 0x00000000f5eb0000)
 Metaspace       used 7281K, capacity 8084K, committed 8448K, reserved 1056768K
  class space    used 880K, capacity 912K, committed 1024K, reserved 1048576K
}
Event: 1.641 GC heap before
{Heap before GC invocations=10 (full 0):
 def new generation   total 2432K, used 2399K [0x00000000f0600000, 0x00000000f08a0000, 0x00000000f5950000)
  eden space 2176K,  98% used [0x00000000f0600000, 0x00000000f0817cd0, 0x00000000f0820000)
  from space 256K,  99% used [0x00000000f0820000, 0x00000000f085fff8, 0x00000000f0860000)
  to   space 256K,   0% used [0x00000000f0860000, 0x00000000f0860000, 0x00000000f08a0000)
 tenured generation   total 5504K, used 4333K [0x00000000f5950000, 0x00000000f5eb0000, 0x0000000100000000)
   the space 5504K,  78% used [0x00000000f5950000, 0x00000000f5d8b538, 0x00000000f5d8b600, 0x00000000f5eb0000)
 Metaspace       used 7283K, capacity 8084K, committed 8448K, reserved 1056768K
  class space    used 880K, capacity 912K, committed 1024K, reserved 1048576K
Event: 1.657 GC heap after
Heap after GC invocations=11 (full 1):
 def new generation   total 4480K, used 0K [0x00000000f0600000, 0x00000000f0ad0000, 0x00000000f5950000)
  eden space 4032K,   0% used [0x00000000f0600000, 0x00000000f0600000, 0x00000000f09f0000)
  from space 448K,   0% used [0x00000000f09f0000, 0x00000000f09f0000, 0x00000000f0a60000)
  to   space 448K,   0% used [0x00000000f0a60000, 0x00000000f0a60000, 0x00000000f0ad0000)
 tenured generation   total 9796K, used 5876K [0x00000000f5950000, 0x00000000f62e1000, 0x0000000100000000)
   the space 9796K,  59% used [0x00000000f5950000, 0x00000000f5f0d3e8, 0x00000000f5f0d400, 0x00000000f62e1000)
 Metaspace       used 7283K, capacity 8084K, committed 8448K, reserved 1056768K
  class space    used 880K, capacity 912K, committed 1024K, reserved 1048576K
}
Event: 1.756 GC heap before
{Heap before GC invocations=11 (full 1):
 def new generation   total 4480K, used 4032K [0x00000000f0600000, 0x00000000f0ad0000, 0x00000000f5950000)
  eden space 4032K, 100% used [0x00000000f0600000, 0x00000000f09f0000, 0x00000000f09f0000)
  from space 448K,   0% used [0x00000000f09f0000, 0x00000000f09f0000, 0x00000000f0a60000)
  to   space 448K,   0% used [0x00000000f0a60000, 0x00000000f0a60000, 0x00000000f0ad0000)
 tenured generation   total 9796K, used 5876K [0x00000000f5950000, 0x00000000f62e1000, 0x0000000100000000)
   the space 9796K,  59% used [0x00000000f5950000, 0x00000000f5f0d3e8, 0x00000000f5f0d400, 0x00000000f62e1000)
 Metaspace       used 7300K, capacity 8116K, committed 8448K, reserved 1056768K
  class space    used 881K, capacity 944K, committed 1024K, reserved 1048576K
Event: 1.764 GC heap after
Heap after GC invocations=12 (full 1):
 def new generation   total 4480K, used 448K [0x00000000f0600000, 0x00000000f0ad0000, 0x00000000f5950000)
  eden space 4032K,   0% used [0x00000000f0600000, 0x00000000f0600000, 0x00000000f09f0000)
  from space 448K, 100% used [0x00000000f0a60000, 0x00000000f0ad0000, 0x00000000f0ad0000)
  to   space 448K,   0% used [0x00000000f09f0000, 0x00000000f09f0000, 0x00000000f0a60000)
 tenured generation   total 9796K, used 8009K [0x00000000f5950000, 0x00000000f62e1000, 0x0000000100000000)
   the space 9796K,  81% used [0x00000000f5950000, 0x00000000f6122790, 0x00000000f6122800, 0x00000000f62e1000)
 Metaspace       used 7300K, capacity 8116K, committed 8448K, reserved 1056768K
  class space    used 881K, capacity 944K, committed 1024K, reserved 1048576K
}
Event: 2.342 GC heap before
{Heap before GC invocations=12 (full 1):
 def new generation   total 4480K, used 4480K [0x00000000f0600000, 0x00000000f0ad0000, 0x00000000f5950000)
  eden space 4032K, 100% used [0x00000000f0600000, 0x00000000f09f0000, 0x00000000f09f0000)
  from space 448K, 100% used [0x00000000f0a60000, 0x00000000f0ad0000, 0x00000000f0ad0000)
  to   space 448K,   0% used [0x00000000f09f0000, 0x00000000f09f0000, 0x00000000f0a60000)
 tenured generation   total 9796K, used 8009K [0x00000000f5950000, 0x00000000f62e1000, 0x0000000100000000)
   the space 9796K,  81% used [0x00000000f5950000, 0x00000000f6122790, 0x00000000f6122800, 0x00000000f62e1000)
 Metaspace       used 7313K, capacity 8116K, committed 8448K, reserved 1056768K
  class space    used 882K, capacity 944K, committed 1024K, reserved 1048576K

